<?xml version="1.0" encoding="UTF-8"?>
<testng-results skipped="0" failed="0" ignored="0" total="1" passed="1">
  <reporter-output>
  </reporter-output>
  <suite name="Default suite" duration-ms="23292" started-at="2020-02-03T13:42:21Z" finished-at="2020-02-03T13:42:44Z">
    <groups>
      <group name="cucumber">
        <method signature="Runner.feature(cucumber.api.testng.CucumberFeatureWrapper)[pri:0, instance:myRunner.Runner@3c0ecd4b]" name="feature" class="myRunner.Runner"/>
      </group> <!-- cucumber -->
    </groups>
    <test name="Default test" duration-ms="23292" started-at="2020-02-03T13:42:21Z" finished-at="2020-02-03T13:42:44Z">
      <class name="myRunner.Runner">
        <test-method status="PASS" signature="setUpClass()[pri:0, instance:myRunner.Runner@3c0ecd4b]" name="setUpClass" is-config="true" duration-ms="296" started-at="2020-02-03T13:42:21Z" finished-at="2020-02-03T13:42:21Z">
          <reporter-output>
          </reporter-output>
        </test-method> <!-- setUpClass -->
        <test-method status="PASS" signature="feature(cucumber.api.testng.CucumberFeatureWrapper)[pri:0, instance:myRunner.Runner@3c0ecd4b]" name="feature" duration-ms="22857" started-at="2020-02-03T13:42:21Z" description="Runs Cucumber Feature" data-provider="features" finished-at="2020-02-03T13:42:44Z">
          <params>
            <param index="0">
              <value>
                <![CDATA[Login]]>
              </value>
            </param>
          </params>
          <reporter-output>
          </reporter-output>
        </test-method> <!-- feature -->
        <test-method status="PASS" signature="tearDownClass()[pri:0, instance:myRunner.Runner@3c0ecd4b]" name="tearDownClass" is-config="true" duration-ms="15" started-at="2020-02-03T13:42:44Z" finished-at="2020-02-03T13:42:44Z">
          <reporter-output>
          </reporter-output>
        </test-method> <!-- tearDownClass -->
      </class> <!-- myRunner.Runner -->
    </test> <!-- Default test -->
  </suite> <!-- Default suite -->
</testng-results>
